<?xml version="1.0" ?>
<coverage line-rate="0.8" branch-rate="0.5" version="7.10.7" timestamp="1700000000">
  <packages>
    <package name="app" line-rate="0.8">
      <classes>
        <class name="workflow.py" filename="app/workflow.py" line-rate="1.0">
          <lines>
            <line number="1" hits="1"/>
            <line number="2" hits="3"/>
          </lines>
        </class>
        <class name="main.py" filename="app/main.py" line-rate="0.6667">
          <lines>
            <line number="1" hits="1"/>
            <line number="2" hits="0"/>
            <line number="3" hits="0"/>
          </lines>
        </class>
      </classes>
    </package>
  </packages>
</coverage>
